<?xml version="1.0" encoding="UTF-8" standalone="yes"?><!DOCTYPE report PUBLIC "-//JACOCO//DTD Report 1.1//EN" "report.dtd"><report name="User API"><sessioninfo id="iZbp1dh8kwtankdi2h046cZ-bdf6eb09" start="1776345523132" dump="1776345525079"/><sessioninfo id="iZbp1dh8kwtankdi2h046cZ-90055ae9" start="1776345665377" dump="1776345666291"/><package name="com/yhj/erp/user/api/dto"><class name="com/yhj/erp/user/api/dto/UserUpdateRequest" sourcefilename="UserUpdateRequest.java"/><class name="com/yhj/erp/user/api/dto/UserDto" sourcefilename="UserDto.java"/><class name="com/yhj/erp/user/api/dto/PasswordUpdateRequest" sourcefilename="PasswordUpdateRequest.java"/><class name="com/yhj/erp/user/api/dto/LoginRequest" sourcefilename="LoginRequest.java"/><class name="com/yhj/erp/user/api/dto/UserCreateRequest" sourcefilename="UserCreateRequest.java"/><sourcefile name="UserCreateRequest.java"/><sourcefile name="PasswordUpdateRequest.java"/><sourcefile name="LoginRequest.java"/><sourcefile name="UserDto.java"/><sourcefile name="UserUpdateRequest.java"/></package><package name="com/yhj/erp/user/api/service"><class name="com/yhj/erp/user/api/service/AuthService" sourcefilename="AuthService.java"/><class name="com/yhj/erp/user/api/service/UserService" sourcefilename="UserService.java"/><sourcefile name="AuthService.java"/><sourcefile name="UserService.java"/></package></report>